<?xml version="1.0" encoding="UTF-8"?>
<testsuite xmlns:xsi="http://www.w3.org/2001/XMLSchema-instance" xsi:noNamespaceSchemaLocation="https://maven.apache.org/surefire/maven-surefire-plugin/xsd/surefire-test-report-3.0.xsd" version="3.0" name="DataframeTest" time="0.103" tests="19" errors="0" skipped="0" failures="0">
  <properties>
[...]
</properties>
  <testcase name="testDisplayline0" classname="DataframeTest" time="0.045"/>
  <testcase name="testDisplayline1" classname="DataframeTest" time="0.004"/>
  <testcase name="testDisplayline5" classname="DataframeTest" time="0.004"/>
  <testcase name="testfichierVide" classname="DataframeTest" time="0.003"/>
  <testcase name="testDisplayHeader" classname="DataframeTest" time="0.002"/>
  <testcase name="testDisplaylinenullValue3" classname="DataframeTest" time="0.002"/>
  <testcase name="whenExceptionThrown_thenAssertionSucceeds" classname="DataframeTest" time="0.003"/>
  <testcase name="testfichier2Types" classname="DataframeTest" time="0.002"/>
  <testcase name="testfichier3types" classname="DataframeTest" time="0.002"/>
  <testcase name="testDisplayDataVide" classname="DataframeTest" time="0.001"/>
  <testcase name="testColVide" classname="DataframeTest" time="0"/>
  <testcase name="testnamesizePlusPetitVide" classname="DataframeTest" time="0.001"/>
  <testcase name="testDisplay" classname="DataframeTest" time="0.004"/>
  <testcase name="constructorTestParCol3Types" classname="DataframeTest" time="0.001"/>
  <testcase name="testfichierNullValue" classname="DataframeTest" time="0.002"/>
  <testcase name="testDisplaylinefileVide" classname="DataframeTest" time="0.001"/>
  <testcase name="constructorTestColElementNull" classname="DataframeTest" time="0"/>
  <testcase name="testDisplayNullValue" classname="DataframeTest" time="0"/>
  <testcase name="testDisplaylinenullValue" classname="DataframeTest" time="0.001"/>
</testsuite>